<?xml version="1.0" encoding="UTF-8"?>
<!-- Generated by org.testng.reporters.JUnitReportReporter -->
<testsuite hostname="Naresh" failures="0" tests="1" name="moduleName.ClassBTest" time="0.014" errors="0" timestamp="2022-10-20T16:14:00 IST" skipped="0">
  <testcase classname="moduleName.ClassBTest" name="demo2Test" time="0.014"/>
  <system-out/>
</testsuite> <!-- moduleName.ClassBTest -->
