<?xml version="1.0" encoding="UTF-8"?>
<!-- Generated by org.testng.reporters.JUnitReportReporter -->
<testsuite hostname="Naresh" failures="0" tests="1" name="moduleName.ClassATest" time="0.005" errors="0" timestamp="2022-10-20T16:14:00 IST" skipped="0">
  <testcase classname="moduleName.ClassATest" name="demo1Test" time="0.005"/>
  <system-out/>
</testsuite> <!-- moduleName.ClassATest -->
