<?xml version="1.0" encoding="UTF-8"?>
<!-- Generated by org.testng.reporters.JUnitReportReporter -->
<testsuite hostname="Naresh" failures="0" tests="1" name="moduleName.testCaseName" time="27.233" errors="0" timestamp="2022-10-20T16:14:01 IST" skipped="0">
  <testcase classname="moduleName.testCaseName" name="testCaseName" time="27.233"/>
  <system-out/>
</testsuite> <!-- moduleName.testCaseName -->
